Using pre-set license
Built from '2021.3/staging' branch; Version is '2021.3.33f1 (ee5a2aa03ab2) revision 15620650'; Using compiler version '192829333'; Build Type 'Release'
OS: 'Windows 11  (10.0.22631) 64bit CoreSingleLanguage' Language: 'en' Physical Memory: 16204 MB
BatchMode: 1, IsHumanControllingUs: 0, StartBugReporterOnCrash: 0, Is64bit: 1, IsPro: 1

COMMAND LINE ARGUMENTS:
C:\Program Files\Unity\Hub\Editor\2021.3.33f1\Editor\Unity.exe
-adb2
-batchMode
-noUpm
-name
AssetImportWorker0
-projectPath
D:/GitRepos/BlendTrees
-logFile
Logs/AssetImportWorker0.log
-srvPort
57893
Successfully changed project path to: D:/GitRepos/BlendTrees
D:/GitRepos/BlendTrees
[UnityMemory] Configuration Parameters - Can be set up in boot.config
    "memorysetup-bucket-allocator-granularity=16"
    "memorysetup-bucket-allocator-bucket-count=8"
    "memorysetup-bucket-allocator-block-size=33554432"
    "memorysetup-bucket-allocator-block-count=8"
    "memorysetup-main-allocator-block-size=16777216"
    "memorysetup-thread-allocator-block-size=16777216"
    "memorysetup-gfx-main-allocator-block-size=16777216"
    "memorysetup-gfx-thread-allocator-block-size=16777216"
    "memorysetup-cache-allocator-block-size=4194304"
    "memorysetup-typetree-allocator-block-size=2097152"
    "memorysetup-profiler-bucket-allocator-granularity=16"
    "memorysetup-profiler-bucket-allocator-bucket-count=8"
    "memorysetup-profiler-bucket-allocator-block-size=33554432"
    "memorysetup-profiler-bucket-allocator-block-count=8"
    "memorysetup-profiler-allocator-block-size=16777216"
    "memorysetup-profiler-editor-allocator-block-size=1048576"
    "memorysetup-temp-allocator-size-main=16777216"
    "memorysetup-job-temp-allocator-block-size=2097152"
    "memorysetup-job-temp-allocator-block-size-background=1048576"
    "memorysetup-job-temp-allocator-reduction-small-platforms=262144"
    "memorysetup-temp-allocator-size-background-worker=32768"
    "memorysetup-temp-allocator-size-job-worker=262144"
    "memorysetup-temp-allocator-size-preload-manager=33554432"
    "memorysetup-temp-allocator-size-nav-mesh-worker=65536"
    "memorysetup-temp-allocator-size-audio-worker=65536"
    "memorysetup-temp-allocator-size-cloud-worker=32768"
    "memorysetup-temp-allocator-size-gi-baking-worker=262144"
    "memorysetup-temp-allocator-size-gfx=262144"
Player connection [5800] Host "[IP] 192.168.1.61 [Port] 0 [Flags] 2 [Guid] 1885754446 [EditorId] 1885754446 [Version] 1048832 [Id] WindowsEditor(7,GameDev) [Debug] 1 [PackageName] WindowsEditor [ProjectName] Editor" joined multi-casting on [225.0.0.222:54997]...

Player connection [5800] Host "[IP] 192.168.1.61 [Port] 0 [Flags] 2 [Guid] 1885754446 [EditorId] 1885754446 [Version] 1048832 [Id] WindowsEditor(7,GameDev) [Debug] 1 [PackageName] WindowsEditor [ProjectName] Editor" joined alternative multi-casting on [225.0.0.222:34997]...

[Physics::Module] Initialized MultithreadedJobDispatcher with {0} workers.
Refreshing native plugins compatible for Editor in 59.57 ms, found 2 plugins.
Preloading 0 native plugins for Editor in 0.00 ms.
Initialize engine version: 2021.3.33f1 (ee5a2aa03ab2)
[Subsystems] Discovering subsystems at path C:/Program Files/Unity/Hub/Editor/2021.3.33f1/Editor/Data/Resources/UnitySubsystems
[Subsystems] Discovering subsystems at path D:/GitRepos/BlendTrees/Assets
GfxDevice: creating device client; threaded=0; jobified=0
Direct3D:
    Version:  Direct3D 11.0 [level 11.1]
    Renderer: NVIDIA GeForce RTX 3060 Laptop GPU (ID=0x2520)
    Vendor:   NVIDIA
    VRAM:     6009 MB
    Driver:   31.0.15.2802
Initialize mono
Mono path[0] = 'C:/Program Files/Unity/Hub/Editor/2021.3.33f1/Editor/Data/Managed'
Mono path[1] = 'C:/Program Files/Unity/Hub/Editor/2021.3.33f1/Editor/Data/MonoBleedingEdge/lib/mono/unityjit-win32'
Mono config path = 'C:/Program Files/Unity/Hub/Editor/2021.3.33f1/Editor/Data/MonoBleedingEdge/etc'
Using monoOptions --debugger-agent=transport=dt_socket,embedding=1,server=y,suspend=n,address=127.0.0.1:56172
Begin MonoManager ReloadAssembly
Registering precompiled unity dll's ...
Register platform support module: C:/Program Files/Unity/Hub/Editor/2021.3.33f1/Editor/Data/PlaybackEngines/WebGLSupport/UnityEditor.WebGL.Extensions.dll
Register platform support module: C:/Program Files/Unity/Hub/Editor/2021.3.33f1/Editor/Data/PlaybackEngines/WindowsStandaloneSupport/UnityEditor.WindowsStandalone.Extensions.dll
Registered in 0.007749 seconds.
Native extension for WindowsStandalone target not found
Native extension for WebGL target not found
Refreshing native plugins compatible for Editor in 53.72 ms, found 2 plugins.
Preloading 0 native plugins for Editor in 0.00 ms.
Mono: successfully reloaded assembly
- Completed reload, in  0.956 seconds
Domain Reload Profiling:
	ReloadAssembly (957ms)
		BeginReloadAssembly (148ms)
			ExecutionOrderSort (0ms)
			DisableScriptedObjects (0ms)
			BackupInstance (0ms)
			ReleaseScriptingObjects (0ms)
			CreateAndSetChildDomain (2ms)
		EndReloadAssembly (645ms)
			LoadAssemblies (142ms)
			RebuildTransferFunctionScriptingTraits (0ms)
			SetupTypeCache (185ms)
			ReleaseScriptCaches (0ms)
			RebuildScriptCaches (45ms)
			SetupLoadedEditorAssemblies (337ms)
				LogAssemblyErrors (0ms)
				InitializePlatformSupportModulesInManaged (12ms)
				SetLoadedEditorAssemblies (0ms)
				RefreshPlugins (54ms)
				BeforeProcessingInitializeOnLoad (2ms)
				ProcessInitializeOnLoadAttributes (201ms)
				ProcessInitializeOnLoadMethodAttributes (67ms)
				AfterProcessingInitializeOnLoad (0ms)
				EditorAssembliesLoaded (0ms)
			ExecutionOrderSort2 (0ms)
			AwakeInstancesAfterBackupRestoration (0ms)
Platform modules already initialized, skipping
Registering precompiled user dll's ...
Registered in 0.003845 seconds.
Begin MonoManager ReloadAssembly
Symbol file LoadedFromMemory is not a mono symbol file
Native extension for WindowsStandalone target not found
Native extension for WebGL target not found
Refreshing native plugins compatible for Editor in 1.14 ms, found 2 plugins.
Preloading 0 native plugins for Editor in 0.00 ms.
Package Manager log level set to [2]
[Package Manager] Server::EnsureServerProcessIsRunning -- launch failed, reason: Unity was launched with the -noUpm command-line argument
[Package Manager] Cannot connect to Unity Package Manager local server
Mono: successfully reloaded assembly
- Completed reload, in  1.781 seconds
Domain Reload Profiling:
	ReloadAssembly (1782ms)
		BeginReloadAssembly (198ms)
			ExecutionOrderSort (0ms)
			DisableScriptedObjects (7ms)
			BackupInstance (0ms)
			ReleaseScriptingObjects (0ms)
			CreateAndSetChildDomain (24ms)
		EndReloadAssembly (1443ms)
			LoadAssemblies (147ms)
			RebuildTransferFunctionScriptingTraits (0ms)
			SetupTypeCache (288ms)
			ReleaseScriptCaches (1ms)
			RebuildScriptCaches (64ms)
			SetupLoadedEditorAssemblies (959ms)
				LogAssemblyErrors (0ms)
				InitializePlatformSupportModulesInManaged (10ms)
				SetLoadedEditorAssemblies (1ms)
				RefreshPlugins (1ms)
				BeforeProcessingInitializeOnLoad (94ms)
				ProcessInitializeOnLoadAttributes (673ms)
				ProcessInitializeOnLoadMethodAttributes (172ms)
				AfterProcessingInitializeOnLoad (7ms)
				EditorAssembliesLoaded (0ms)
			ExecutionOrderSort2 (0ms)
			AwakeInstancesAfterBackupRestoration (7ms)
Platform modules already initialized, skipping
========================================================================
Worker process is ready to serve import requests
Launched and connected shader compiler UnityShaderCompiler.exe after 0.06 seconds
Refreshing native plugins compatible for Editor in 0.75 ms, found 2 plugins.
Preloading 0 native plugins for Editor in 0.00 ms.
Unloading 2390 Unused Serialized files (Serialized files now loaded: 0)
Unloading 51 unused Assets / (47.0 KB). Loaded Objects now: 2836.
Memory consumption went from 92.7 MB to 92.6 MB.
Total: 11.454500 ms (FindLiveObjects: 0.287500 ms CreateObjectMapping: 0.226700 ms MarkObjects: 10.809100 ms  DeleteObjects: 0.129400 ms)

AssetImportParameters requested are different than current active one (requested -> active):
  custom:video-decoder-ogg-theora: a1e56fd34408186e4bbccfd4996cb3dc -> 
  custom:container-muxer-webm: aa71ff27fc2769a1b78a27578f13a17b -> 
  custom:container-demuxer-webm: 4f35f7cbe854078d1ac9338744f61a02 -> 
  custom:video-encoder-webm-vp8: eb34c28f22e8b96e1ab97ce403110664 -> 
  custom:CustomObjectIndexerAttribute: bc11b3a6c3213fcdd17b65e7da85e133 -> 
  custom:audio-encoder-webm-vorbis: bf7c407c2cedff20999df2af8eb42d56 -> 
  custom:framework-win-MediaFoundation: 216162199b28c13a410421893ffa2e32 -> 
  custom:SearchIndexIgnoredProperties: e643bd26f0fe6173181afceb89e7c659 -> 
  custom:container-demuxer-ogg: 62fdf1f143b41e24485cea50d1cbac27 -> 
  custom:video-decoder-webm-vp8: 9c59270c3fd7afecdb556c50c9e8de78 -> 
  custom:audio-decoder-ogg-vorbis: bf7c407c2cedff20999df2af8eb42d56 -> 
========================================================================
Received Import Request.
  Time since last request: 282985.050142 seconds.
  path: Assets/Demo/Modern Weapons/Pistol/Materials/Pistol.mat
  artifactKey: Guid(27a2e426a50f9f74faf91f6a4ad513b1) Importer(815301076,1909f56bfc062723c751e8b465ee728b)
Number of updated assets reloaded before import = 0
Start importing Assets/Demo/Modern Weapons/Pistol/Materials/Pistol.mat using Guid(27a2e426a50f9f74faf91f6a4ad513b1) Importer(815301076,1909f56bfc062723c751e8b465ee728b)  -> (artifact id: '50a086600d78aef7bbd3d99263ace4ae') in 0.172489 seconds 
Number of asset objects unloaded after import = 4
========================================================================
Received Import Request.
  Time since last request: 0.003655 seconds.
  path: Assets/Materials/Blue.mat
  artifactKey: Guid(5adecc67273d8cf45a3760876c2fd6a6) Importer(815301076,1909f56bfc062723c751e8b465ee728b)
Number of updated assets reloaded before import = 0
Start importing Assets/Materials/Blue.mat using Guid(5adecc67273d8cf45a3760876c2fd6a6) Importer(815301076,1909f56bfc062723c751e8b465ee728b)  -> (artifact id: '15cb8e59ce1a3d0a4120d10592e1c2ac') in 0.013341 seconds 
Number of asset objects unloaded after import = 1
========================================================================
Received Import Request.
  Time since last request: 0.048453 seconds.
  path: Assets/Scripts/ThirdPerson/PlayerController.cs
  artifactKey: Guid(6903193317393294783d91aa6a5e2111) Importer(815301076,1909f56bfc062723c751e8b465ee728b)
Number of updated assets reloaded before import = 0
Start importing Assets/Scripts/ThirdPerson/PlayerController.cs using Guid(6903193317393294783d91aa6a5e2111) Importer(815301076,1909f56bfc062723c751e8b465ee728b)  -> (artifact id: 'a18d5ff8824b4ed633a8b9df9b6fbc51') in 0.015523 seconds 
Number of asset objects unloaded after import = 0
========================================================================
Received Import Request.
  Time since last request: 0.021851 seconds.
  path: Assets/Demo/Modern Weapons/AK-47/Materials/AK-47.mat
  artifactKey: Guid(484464b8ff3440e40bae6737848b8e21) Importer(815301076,1909f56bfc062723c751e8b465ee728b)
Number of updated assets reloaded before import = 0
Start importing Assets/Demo/Modern Weapons/AK-47/Materials/AK-47.mat using Guid(484464b8ff3440e40bae6737848b8e21) Importer(815301076,1909f56bfc062723c751e8b465ee728b)  -> (artifact id: 'ba14e6c56813aabef7eef9e718a87e13') in 0.021894 seconds 
Number of asset objects unloaded after import = 4
========================================================================
Received Import Request.
  Time since last request: 0.001213 seconds.
  path: Assets/Materials/Sommon.mat
  artifactKey: Guid(107a894bf21a4f44fac13e4f151eb3a8) Importer(815301076,1909f56bfc062723c751e8b465ee728b)
Number of updated assets reloaded before import = 0
Start importing Assets/Materials/Sommon.mat using Guid(107a894bf21a4f44fac13e4f151eb3a8) Importer(815301076,1909f56bfc062723c751e8b465ee728b)  -> (artifact id: 'e91dd8b3795afdf124c5431d6031c22f') in 0.013268 seconds 
Number of asset objects unloaded after import = 1
========================================================================
Received Import Request.
  Time since last request: 0.045695 seconds.
  path: Assets/CharacterModels/CharAnimCtrl.controller
  artifactKey: Guid(aa155a70f52fef245b1758a67052c9c3) Importer(815301076,1909f56bfc062723c751e8b465ee728b)
Number of updated assets reloaded before import = 0
Start importing Assets/CharacterModels/CharAnimCtrl.controller using Guid(aa155a70f52fef245b1758a67052c9c3) Importer(815301076,1909f56bfc062723c751e8b465ee728b)  -> (artifact id: '28d39927d0e1c5eb02bffa7040945251') in 0.017575 seconds 
Number of asset objects unloaded after import = 21
========================================================================
Received Import Request.
  Time since last request: 0.000514 seconds.
  path: Assets/Demo/Modern Weapons/M4 Carbine/Materials/M4_Carbine.mat
  artifactKey: Guid(bcfb2b969dcb613498b4bb959cfb99e8) Importer(815301076,1909f56bfc062723c751e8b465ee728b)
Number of updated assets reloaded before import = 0
Start importing Assets/Demo/Modern Weapons/M4 Carbine/Materials/M4_Carbine.mat using Guid(bcfb2b969dcb613498b4bb959cfb99e8) Importer(815301076,1909f56bfc062723c751e8b465ee728b)  -> (artifact id: '5b55dac660c8fc5141f9c51a01ff8229') in 0.020216 seconds 
Number of asset objects unloaded after import = 4
========================================================================
Received Import Request.
  Time since last request: 0.008131 seconds.
  path: Assets/Materials/Green.mat
  artifactKey: Guid(800c8b070ee93d3478eb83ec1e1ff5b5) Importer(815301076,1909f56bfc062723c751e8b465ee728b)
Number of updated assets reloaded before import = 0
Start importing Assets/Materials/Green.mat using Guid(800c8b070ee93d3478eb83ec1e1ff5b5) Importer(815301076,1909f56bfc062723c751e8b465ee728b)  -> (artifact id: 'c972bba82eb4f2b36dfd55eabb19ab13') in 0.013369 seconds 
Number of asset objects unloaded after import = 1
========================================================================
Received Import Request.
  Time since last request: 0.027346 seconds.
  path: Assets/Materials/Grey.mat
  artifactKey: Guid(655110e3e167c4442a1df62730d2d281) Importer(815301076,1909f56bfc062723c751e8b465ee728b)
Number of updated assets reloaded before import = 0
Start importing Assets/Materials/Grey.mat using Guid(655110e3e167c4442a1df62730d2d281) Importer(815301076,1909f56bfc062723c751e8b465ee728b)  -> (artifact id: '576bfe589a63a3b177ed21479699c6b7') in 0.012812 seconds 
Number of asset objects unloaded after import = 1
========================================================================
Received Import Request.
  Time since last request: 0.021587 seconds.
  path: Assets/Demo/Modern Weapons/L96 Sniper Rifle/Materials/L96_Sniper_Rifle.mat
  artifactKey: Guid(ac814363a1d80b442844a152aaae96a3) Importer(815301076,1909f56bfc062723c751e8b465ee728b)
Number of updated assets reloaded before import = 0
Start importing Assets/Demo/Modern Weapons/L96 Sniper Rifle/Materials/L96_Sniper_Rifle.mat using Guid(ac814363a1d80b442844a152aaae96a3) Importer(815301076,1909f56bfc062723c751e8b465ee728b)  -> (artifact id: '0f663317089783fb999d742aba5f044f') in 0.020216 seconds 
Number of asset objects unloaded after import = 4
========================================================================
Received Import Request.
  Time since last request: 0.001592 seconds.
  path: Assets/Demo/DemoSettings.lighting
  artifactKey: Guid(4daeb7469784fca45b309a850198675c) Importer(815301076,1909f56bfc062723c751e8b465ee728b)
Number of updated assets reloaded before import = 0
Start importing Assets/Demo/DemoSettings.lighting using Guid(4daeb7469784fca45b309a850198675c) Importer(815301076,1909f56bfc062723c751e8b465ee728b)  -> (artifact id: 'b9952d0112719f8925e4e0bd5f6b880e') in 0.008756 seconds 
Number of asset objects unloaded after import = 1
